# JRE version: OpenJDK Runtime Environment (8.0_152-b01) (build 1.8.0_152-release-1343-b01)
# Java VM: OpenJDK 64-Bit Server VM (25.152-b01 mixed mode windows-amd64 compressed oops)
Heap:
 PSYoungGen      total 412160K, used 133777K [0x00000000e0000000, 0x00000000ff780000, 0x0000000100000000)
  eden space 318976K, 39% used [0x00000000e0000000,0x00000000e7c3fbd8,0x00000000f3780000)
  from space 93184K, 7% used [0x00000000f9c80000,0x00000000fa2e4b58,0x00000000ff780000)
  to   space 98304K, 0% used [0x00000000f3780000,0x00000000f3780000,0x00000000f9780000)
 ParOldGen       total 629760K, used 160132K [0x00000000a0000000, 0x00000000c6700000, 0x00000000e0000000)
  object space 629760K, 25% used [0x00000000a0000000,0x00000000a9c61300,0x00000000c6700000)
 Metaspace       used 327940K, capacity 336022K, committed 354432K, reserved 1361920K
  class space    used 38323K, capacity 39573K, committed 42368K, reserved 1048576K
GC Heap History (10 events):
Event: 6170.619 GC heap before
{Heap before GC invocations=149 (full 9):
 PSYoungGen      total 385024K, used 259577K [0x00000000e0000000, 0x00000000fff80000, 0x0000000100000000)
  eden space 256512K, 100% used [0x00000000e0000000,0x00000000efa80000,0x00000000efa80000)
  from space 128512K, 2% used [0x00000000efa80000,0x00000000efd7e490,0x00000000f7800000)
  to   space 124416K, 0% used [0x00000000f8600000,0x00000000f8600000,0x00000000fff80000)
 ParOldGen       total 629760K, used 150613K [0x00000000a0000000, 0x00000000c6700000, 0x00000000e0000000)
  object space 629760K, 23% used [0x00000000a0000000,0x00000000a9315690,0x00000000c6700000)
 Metaspace       used 327351K, capacity 335450K, committed 354432K, reserved 1361920K
  class space    used 38276K, capacity 39519K, committed 42368K, reserved 1048576K
Event: 6170.635 GC heap after
Heap after GC invocations=149 (full 9):
 PSYoungGen      total 376832K, used 21285K [0x00000000e0000000, 0x00000000fed00000, 0x0000000100000000)
  eden space 271360K, 0% used [0x00000000e0000000,0x00000000e0000000,0x00000000f0900000)
  from space 105472K, 20% used [0x00000000f8600000,0x00000000f9ac9618,0x00000000fed00000)
  to   space 116736K, 0% used [0x00000000f0900000,0x00000000f0900000,0x00000000f7b00000)
 ParOldGen       total 629760K, used 151111K [0x00000000a0000000, 0x00000000c6700000, 0x00000000e0000000)
  object space 629760K, 23% used [0x00000000a0000000,0x00000000a9391d90,0x00000000c6700000)
 Metaspace       used 327351K, capacity 335450K, committed 354432K, reserved 1361920K
  class space    used 38276K, capacity 39519K, committed 42368K, reserved 1048576K
}
Event: 6170.982 GC heap before
{Heap before GC invocations=150 (full 9):
 PSYoungGen      total 376832K, used 292645K [0x00000000e0000000, 0x00000000fed00000, 0x0000000100000000)
  eden space 271360K, 100% used [0x00000000e0000000,0x00000000f0900000,0x00000000f0900000)
  from space 105472K, 20% used [0x00000000f8600000,0x00000000f9ac9618,0x00000000fed00000)
  to   space 116736K, 0% used [0x00000000f0900000,0x00000000f0900000,0x00000000f7b00000)
 ParOldGen       total 629760K, used 151111K [0x00000000a0000000, 0x00000000c6700000, 0x00000000e0000000)
  object space 629760K, 23% used [0x00000000a0000000,0x00000000a9391d90,0x00000000c6700000)
 Metaspace       used 327462K, capacity 335532K, committed 354432K, reserved 1361920K
  class space    used 38288K, capacity 39522K, committed 42368K, reserved 1048576K
Event: 6171.022 GC heap after
Heap after GC invocations=150 (full 9):
 PSYoungGen      total 388096K, used 28011K [0x00000000e0000000, 0x00000000ffb00000, 0x0000000100000000)
  eden space 271360K, 0% used [0x00000000e0000000,0x00000000e0000000,0x00000000f0900000)
  from space 116736K, 23% used [0x00000000f0900000,0x00000000f245acc8,0x00000000f7b00000)
  to   space 108544K, 0% used [0x00000000f9100000,0x00000000f9100000,0x00000000ffb00000)
 ParOldGen       total 629760K, used 156283K [0x00000000a0000000, 0x00000000c6700000, 0x00000000e0000000)
  object space 629760K, 24% used [0x00000000a0000000,0x00000000a989ee20,0x00000000c6700000)
 Metaspace       used 327462K, capacity 335532K, committed 354432K, reserved 1361920K
  class space    used 38288K, capacity 39522K, committed 42368K, reserved 1048576K
}
Event: 6172.098 GC heap before
{Heap before GC invocations=151 (full 9):
 PSYoungGen      total 388096K, used 299371K [0x00000000e0000000, 0x00000000ffb00000, 0x0000000100000000)
  eden space 271360K, 100% used [0x00000000e0000000,0x00000000f0900000,0x00000000f0900000)
  from space 116736K, 23% used [0x00000000f0900000,0x00000000f245acc8,0x00000000f7b00000)
  to   space 108544K, 0% used [0x00000000f9100000,0x00000000f9100000,0x00000000ffb00000)
 ParOldGen       total 629760K, used 156283K [0x00000000a0000000, 0x00000000c6700000, 0x00000000e0000000)
  object space 629760K, 24% used [0x00000000a0000000,0x00000000a989ee20,0x00000000c6700000)
 Metaspace       used 327568K, capacity 335598K, committed 354432K, reserved 1361920K
  class space    used 38290K, capacity 39523K, committed 42368K, reserved 1048576K
Event: 6172.107 GC heap after
Heap after GC invocations=151 (full 9):
 PSYoungGen      total 394240K, used 13852K [0x00000000e0000000, 0x00000000fee00000, 0x0000000100000000)
  eden space 299008K, 0% used [0x00000000e0000000,0x00000000e0000000,0x00000000f2400000)
  from space 95232K, 14% used [0x00000000f9100000,0x00000000f9e871a8,0x00000000fee00000)
  to   space 103424K, 0% used [0x00000000f2400000,0x00000000f2400000,0x00000000f8900000)
 ParOldGen       total 629760K, used 159046K [0x00000000a0000000, 0x00000000c6700000, 0x00000000e0000000)
  object space 629760K, 25% used [0x00000000a0000000,0x00000000a9b519b8,0x00000000c6700000)
 Metaspace       used 327568K, capacity 335598K, committed 354432K, reserved 1361920K
  class space    used 38290K, capacity 39523K, committed 42368K, reserved 1048576K
}
Event: 6173.300 GC heap before
{Heap before GC invocations=152 (full 9):
 PSYoungGen      total 394240K, used 312860K [0x00000000e0000000, 0x00000000fee00000, 0x0000000100000000)
  eden space 299008K, 100% used [0x00000000e0000000,0x00000000f2400000,0x00000000f2400000)
  from space 95232K, 14% used [0x00000000f9100000,0x00000000f9e871a8,0x00000000fee00000)
  to   space 103424K, 0% used [0x00000000f2400000,0x00000000f2400000,0x00000000f8900000)
 ParOldGen       total 629760K, used 159046K [0x00000000a0000000, 0x00000000c6700000, 0x00000000e0000000)
  object space 629760K, 25% used [0x00000000a0000000,0x00000000a9b519b8,0x00000000c6700000)
 Metaspace       used 327718K, capacity 335794K, committed 354432K, reserved 1361920K
  class space    used 38294K, capacity 39525K, committed 42368K, reserved 1048576K
Event: 6173.336 GC heap after
Heap after GC invocations=152 (full 9):
 PSYoungGen      total 402432K, used 43866K [0x00000000e0000000, 0x0000000100000000, 0x0000000100000000)
  eden space 299008K, 0% used [0x00000000e0000000,0x00000000e0000000,0x00000000f2400000)
  from space 103424K, 42% used [0x00000000f2400000,0x00000000f4ed6b98,0x00000000f8900000)
  to   space 101888K, 0% used [0x00000000f9c80000,0x00000000f9c80000,0x0000000100000000)
 ParOldGen       total 629760K, used 159500K [0x00000000a0000000, 0x00000000c6700000, 0x00000000e0000000)
  object space 629760K, 25% used [0x00000000a0000000,0x00000000a9bc3220,0x00000000c6700000)
 Metaspace       used 327718K, capacity 335794K, committed 354432K, reserved 1361920K
  class space    used 38294K, capacity 39525K, committed 42368K, reserved 1048576K
}
Event: 6176.049 GC heap before
{Heap before GC invocations=153 (full 9):
 PSYoungGen      total 402432K, used 342352K [0x00000000e0000000, 0x0000000100000000, 0x0000000100000000)
  eden space 299008K, 99% used [0x00000000e0000000,0x00000000f237d638,0x00000000f2400000)
  from space 103424K, 42% used [0x00000000f2400000,0x00000000f4ed6b98,0x00000000f8900000)
  to   space 101888K, 0% used [0x00000000f9c80000,0x00000000f9c80000,0x0000000100000000)
 ParOldGen       total 629760K, used 159500K [0x00000000a0000000, 0x00000000c6700000, 0x00000000e0000000)
  object space 629760K, 25% used [0x00000000a0000000,0x00000000a9bc3220,0x00000000c6700000)
 Metaspace       used 327859K, capacity 335942K, committed 354432K, reserved 1361920K
  class space    used 38313K, capacity 39569K, committed 42368K, reserved 1048576K
Event: 6176.056 GC heap after
Heap after GC invocations=153 (full 9):
 PSYoungGen      total 412160K, used 6546K [0x00000000e0000000, 0x00000000ff780000, 0x0000000100000000)
  eden space 318976K, 0% used [0x00000000e0000000,0x00000000e0000000,0x00000000f3780000)
  from space 93184K, 7% used [0x00000000f9c80000,0x00000000fa2e4b58,0x00000000ff780000)
  to   space 98304K, 0% used [0x00000000f3780000,0x00000000f3780000,0x00000000f9780000)
 ParOldGen       total 629760K, used 160132K [0x00000000a0000000, 0x00000000c6700000, 0x00000000e0000000)
  object space 629760K, 25% used [0x00000000a0000000,0x00000000a9c61300,0x00000000c6700000)
 Metaspace       used 327859K, capacity 335942K, committed 354432K, reserved 1361920K
  class space    used 38313K, capacity 39569K, committed 42368K, reserved 1048576K
}

