# JRE version: OpenJDK Runtime Environment (8.0_152-b01) (build 1.8.0_152-release-1343-b01)
# Java VM: OpenJDK 64-Bit Server VM (25.152-b01 mixed mode windows-amd64 compressed oops)
Heap:
 PSYoungGen      total 349696K, used 285965K [0x00000000e0000000, 0x0000000100000000, 0x0000000100000000)
  eden space 175104K, 91% used [0x00000000e0000000,0x00000000e9d28168,0x00000000eab00000)
  from space 174592K, 71% used [0x00000000eab00000,0x00000000f251b458,0x00000000f5580000)
  to   space 174592K, 0% used [0x00000000f5580000,0x00000000f5580000,0x0000000100000000)
 ParOldGen       total 428032K, used 336188K [0x00000000a0000000, 0x00000000ba200000, 0x00000000e0000000)
  object space 428032K, 78% used [0x00000000a0000000,0x00000000b484f388,0x00000000ba200000)
 Metaspace       used 249850K, capacity 256688K, committed 257320K, reserved 1275904K
  class space    used 29531K, capacity 30737K, committed 31024K, reserved 1048576K
GC Heap History (10 events):
Event: 5936.968 GC heap before
{Heap before GC invocations=72 (full 5):
 PSYoungGen      total 402944K, used 358324K [0x00000000e0000000, 0x00000000fff80000, 0x0000000100000000)
  eden space 286208K, 100% used [0x00000000e0000000,0x00000000f1780000,0x00000000f1780000)
  from space 116736K, 61% used [0x00000000f8d80000,0x00000000fd3ed3b0,0x00000000fff80000)
  to   space 118784K, 0% used [0x00000000f1780000,0x00000000f1780000,0x00000000f8b80000)
 ParOldGen       total 428032K, used 261254K [0x00000000a0000000, 0x00000000ba200000, 0x00000000e0000000)
  object space 428032K, 61% used [0x00000000a0000000,0x00000000aff21b80,0x00000000ba200000)
 Metaspace       used 243280K, capacity 250020K, committed 250664K, reserved 1269760K
  class space    used 28812K, capacity 29988K, committed 30256K, reserved 1048576K
Event: 5937.035 GC heap after
Heap after GC invocations=72 (full 5):
 PSYoungGen      total 404992K, used 118755K [0x00000000e0000000, 0x0000000100000000, 0x0000000100000000)
  eden space 286208K, 0% used [0x00000000e0000000,0x00000000e0000000,0x00000000f1780000)
  from space 118784K, 99% used [0x00000000f1780000,0x00000000f8b78fa0,0x00000000f8b80000)
  to   space 119296K, 0% used [0x00000000f8b80000,0x00000000f8b80000,0x0000000100000000)
 ParOldGen       total 428032K, used 324270K [0x00000000a0000000, 0x00000000ba200000, 0x00000000e0000000)
  object space 428032K, 75% used [0x00000000a0000000,0x00000000b3cab8e8,0x00000000ba200000)
 Metaspace       used 243280K, capacity 250020K, committed 250664K, reserved 1269760K
  class space    used 28812K, capacity 29988K, committed 30256K, reserved 1048576K
}
Event: 5937.884 GC heap before
{Heap before GC invocations=73 (full 5):
 PSYoungGen      total 404992K, used 404483K [0x00000000e0000000, 0x0000000100000000, 0x0000000100000000)
  eden space 286208K, 99% used [0x00000000e0000000,0x00000000f1707c88,0x00000000f1780000)
  from space 118784K, 99% used [0x00000000f1780000,0x00000000f8b78fa0,0x00000000f8b80000)
  to   space 119296K, 0% used [0x00000000f8b80000,0x00000000f8b80000,0x0000000100000000)
 ParOldGen       total 428032K, used 324270K [0x00000000a0000000, 0x00000000ba200000, 0x00000000e0000000)
  object space 428032K, 75% used [0x00000000a0000000,0x00000000b3cab8e8,0x00000000ba200000)
 Metaspace       used 243320K, capacity 250020K, committed 250664K, reserved 1269760K
  class space    used 28813K, capacity 29988K, committed 30256K, reserved 1048576K
Event: 5937.930 GC heap after
Heap after GC invocations=73 (full 5):
 PSYoungGen      total 297472K, used 119288K [0x00000000e0000000, 0x0000000100000000, 0x0000000100000000)
  eden space 178176K, 0% used [0x00000000e0000000,0x00000000e0000000,0x00000000eae00000)
  from space 119296K, 99% used [0x00000000f8b80000,0x00000000ffffe390,0x0000000100000000)
  to   space 173056K, 0% used [0x00000000eae00000,0x00000000eae00000,0x00000000f5700000)
 ParOldGen       total 428032K, used 332423K [0x00000000a0000000, 0x00000000ba200000, 0x00000000e0000000)
  object space 428032K, 77% used [0x00000000a0000000,0x00000000b44a1d78,0x00000000ba200000)
 Metaspace       used 243320K, capacity 250020K, committed 250664K, reserved 1269760K
  class space    used 28813K, capacity 29988K, committed 30256K, reserved 1048576K
}
Event: 5937.954 GC heap before
{Heap before GC invocations=74 (full 5):
 PSYoungGen      total 297472K, used 297425K [0x00000000e0000000, 0x0000000100000000, 0x0000000100000000)
  eden space 178176K, 99% used [0x00000000e0000000,0x00000000eadf6340,0x00000000eae00000)
  from space 119296K, 99% used [0x00000000f8b80000,0x00000000ffffe390,0x0000000100000000)
  to   space 173056K, 0% used [0x00000000eae00000,0x00000000eae00000,0x00000000f5700000)
 ParOldGen       total 428032K, used 332423K [0x00000000a0000000, 0x00000000ba200000, 0x00000000e0000000)
  object space 428032K, 77% used [0x00000000a0000000,0x00000000b44a1d78,0x00000000ba200000)
 Metaspace       used 243320K, capacity 250020K, committed 250664K, reserved 1269760K
  class space    used 28813K, capacity 29988K, committed 30256K, reserved 1048576K
Event: 5937.993 GC heap after
Heap after GC invocations=74 (full 5):
 PSYoungGen      total 297472K, used 119109K [0x00000000e0000000, 0x0000000100000000, 0x0000000100000000)
  eden space 178176K, 0% used [0x00000000e0000000,0x00000000e0000000,0x00000000eae00000)
  from space 119296K, 99% used [0x00000000eae00000,0x00000000f2251580,0x00000000f2280000)
  to   space 174592K, 0% used [0x00000000f5580000,0x00000000f5580000,0x0000000100000000)
 ParOldGen       total 428032K, used 332535K [0x00000000a0000000, 0x00000000ba200000, 0x00000000e0000000)
  object space 428032K, 77% used [0x00000000a0000000,0x00000000b44bdd78,0x00000000ba200000)
 Metaspace       used 243320K, capacity 250020K, committed 250664K, reserved 1269760K
  class space    used 28813K, capacity 29988K, committed 30256K, reserved 1048576K
}
Event: 5938.740 GC heap before
{Heap before GC invocations=75 (full 5):
 PSYoungGen      total 297472K, used 297285K [0x00000000e0000000, 0x0000000100000000, 0x0000000100000000)
  eden space 178176K, 100% used [0x00000000e0000000,0x00000000eae00000,0x00000000eae00000)
  from space 119296K, 99% used [0x00000000eae00000,0x00000000f2251580,0x00000000f2280000)
  to   space 174592K, 0% used [0x00000000f5580000,0x00000000f5580000,0x0000000100000000)
 ParOldGen       total 428032K, used 332535K [0x00000000a0000000, 0x00000000ba200000, 0x00000000e0000000)
  object space 428032K, 77% used [0x00000000a0000000,0x00000000b44bdd78,0x00000000ba200000)
 Metaspace       used 243371K, capacity 250098K, committed 250664K, reserved 1269760K
  class space    used 28815K, capacity 29990K, committed 30256K, reserved 1048576K
Event: 5938.791 GC heap after
Heap after GC invocations=75 (full 5):
 PSYoungGen      total 349696K, used 135393K [0x00000000e0000000, 0x0000000100000000, 0x0000000100000000)
  eden space 175104K, 0% used [0x00000000e0000000,0x00000000e0000000,0x00000000eab00000)
  from space 174592K, 77% used [0x00000000f5580000,0x00000000fd9b8438,0x0000000100000000)
  to   space 174592K, 0% used [0x00000000eab00000,0x00000000eab00000,0x00000000f5580000)
 ParOldGen       total 428032K, used 334422K [0x00000000a0000000, 0x00000000ba200000, 0x00000000e0000000)
  object space 428032K, 78% used [0x00000000a0000000,0x00000000b4695880,0x00000000ba200000)
 Metaspace       used 243371K, capacity 250098K, committed 250664K, reserved 1269760K
  class space    used 28815K, capacity 29990K, committed 30256K, reserved 1048576K
}
Event: 8738.098 GC heap before
{Heap before GC invocations=76 (full 5):
 PSYoungGen      total 349696K, used 310497K [0x00000000e0000000, 0x0000000100000000, 0x0000000100000000)
  eden space 175104K, 100% used [0x00000000e0000000,0x00000000eab00000,0x00000000eab00000)
  from space 174592K, 77% used [0x00000000f5580000,0x00000000fd9b8438,0x0000000100000000)
  to   space 174592K, 0% used [0x00000000eab00000,0x00000000eab00000,0x00000000f5580000)
 ParOldGen       total 428032K, used 334422K [0x00000000a0000000, 0x00000000ba200000, 0x00000000e0000000)
  object space 428032K, 78% used [0x00000000a0000000,0x00000000b4695880,0x00000000ba200000)
 Metaspace       used 243432K, capacity 250166K, committed 250664K, reserved 1269760K
  class space    used 28817K, capacity 29990K, committed 30256K, reserved 1048576K
Event: 8738.143 GC heap after
Heap after GC invocations=76 (full 5):
 PSYoungGen      total 349696K, used 125037K [0x00000000e0000000, 0x0000000100000000, 0x0000000100000000)
  eden space 175104K, 0% used [0x00000000e0000000,0x00000000e0000000,0x00000000eab00000)
  from space 174592K, 71% used [0x00000000eab00000,0x00000000f251b458,0x00000000f5580000)
  to   space 174592K, 0% used [0x00000000f5580000,0x00000000f5580000,0x0000000100000000)
 ParOldGen       total 428032K, used 336188K [0x00000000a0000000, 0x00000000ba200000, 0x00000000e0000000)
  object space 428032K, 78% used [0x00000000a0000000,0x00000000b484f388,0x00000000ba200000)
 Metaspace       used 243432K, capacity 250166K, committed 250664K, reserved 1269760K
  class space    used 28817K, capacity 29990K, committed 30256K, reserved 1048576K
}

